<?xml version="1.0" encoding="UTF-8"?>
<!-- Generated by org.testng.reporters.JUnitReportReporter -->
<testsuite hostname="LE15-AGD15-IND" failures="0" tests="1" name="TestCases.VerifyLoginTestCase" time="7.376" errors="0" timestamp="2024-09-21T15:52:55 IST" skipped="0">
  <testcase classname="TestCases.VerifyLoginTestCase" name="login" time="7.376"/>
  <system-out/>
</testsuite> <!-- TestCases.VerifyLoginTestCase -->
