<?xml version="1.0" encoding="UTF-8"?>
<!-- Generated by org.testng.reporters.JUnitReportReporter -->
<testsuite hostname="LE15-AGD15-IND" failures="0" tests="1" name="TestCases.VerifySignUpTestCase" time="15.375" errors="0" timestamp="2024-09-21T15:52:55 IST" skipped="0">
  <testcase classname="TestCases.VerifySignUpTestCase" name="Signup" time="15.375"/>
  <system-out/>
</testsuite> <!-- TestCases.VerifySignUpTestCase -->
