<?xml version="1.0" encoding="UTF-8"?>
<!-- Generated by org.testng.reporters.JUnitReportReporter -->
<testsuite hostname="LE15-AGD15-IND" failures="0" tests="1" name="TestCases.VerifyLoginTestCase" time="15.457" errors="0" timestamp="2024-10-18T12:51:35 IST" skipped="0">
  <testcase classname="TestCases.VerifyLoginTestCase" name="login" time="15.457"/>
  <system-out/>
</testsuite> <!-- TestCases.VerifyLoginTestCase -->
